{"/mnt/overpower/apps/dev/agl/agl-hostman/src/greeting/index.js": {"path":"/mnt/overpower/apps/dev/agl/agl-hostman/src/greeting/index.js","statementMap":{"0":{"start":{"line":13,"column":26},"end":{"line":13,"column":48}},"1":{"start":{"line":22,"column":22},"end":{"line":26,"column":1}},"2":{"start":{"line":47,"column":2},"end":{"line":49,"column":3}},"3":{"start":{"line":48,"column":4},"end":{"line":48,"column":52}},"4":{"start":{"line":51,"column":2},"end":{"line":55,"column":4}},"5":{"start":{"line":75,"column":6},"end":{"line":75,"column":13}},"6":{"start":{"line":77,"column":24},"end":{"line":77,"column":31}},"7":{"start":{"line":79,"column":2},"end":{"line":81,"column":3}},"8":{"start":{"line":80,"column":4},"end":{"line":80,"column":33}},"9":{"start":{"line":84,"column":29},"end":{"line":84,"column":94}},"10":{"start":{"line":86,"column":2},"end":{"line":88,"column":3}},"11":{"start":{"line":87,"column":4},"end":{"line":87,"column":66}},"12":{"start":{"line":90,"column":2},"end":{"line":99,"column":4}},"13":{"start":{"line":119,"column":6},"end":{"line":119,"column":13}},"14":{"start":{"line":121,"column":15},"end":{"line":121,"column":30}},"15":{"start":{"line":125,"column":2},"end":{"line":133,"column":3}},"16":{"start":{"line":126,"column":4},"end":{"line":126,"column":34}},"17":{"start":{"line":127,"column":9},"end":{"line":133,"column":3}},"18":{"start":{"line":128,"column":4},"end":{"line":128,"column":36}},"19":{"start":{"line":129,"column":9},"end":{"line":133,"column":3}},"20":{"start":{"line":130,"column":4},"end":{"line":130,"column":34}},"21":{"start":{"line":132,"column":4},"end":{"line":132,"column":27}},"22":{"start":{"line":136,"column":25},"end":{"line":141,"column":3}},"23":{"start":{"line":143,"column":19},"end":{"line":143,"column":46}},"24":{"start":{"line":144,"column":21},"end":{"line":144,"column":44}},"25":{"start":{"line":147,"column":29},"end":{"line":147,"column":94}},"26":{"start":{"line":149,"column":2},"end":{"line":151,"column":3}},"27":{"start":{"line":150,"column":4},"end":{"line":150,"column":71}},"28":{"start":{"line":153,"column":2},"end":{"line":163,"column":4}},"29":{"start":{"line":177,"column":20},"end":{"line":181,"column":3}},"30":{"start":{"line":178,"column":22},"end":{"line":178,"column":50}},"31":{"start":{"line":183,"column":27},"end":{"line":183,"column":58}},"32":{"start":{"line":185,"column":2},"end":{"line":187,"column":3}},"33":{"start":{"line":186,"column":4},"end":{"line":186,"column":119}},"34":{"start":{"line":189,"column":2},"end":{"line":189,"column":35}},"35":{"start":{"line":204,"column":2},"end":{"line":206,"column":3}},"36":{"start":{"line":205,"column":4},"end":{"line":205,"column":60}},"37":{"start":{"line":208,"column":2},"end":{"line":211,"column":5}},"38":{"start":{"line":209,"column":48},"end":{"line":209,"column":54}},"39":{"start":{"line":210,"column":4},"end":{"line":210,"column":44}},"40":{"start":{"line":215,"column":0},"end":{"line":222,"column":2}}},"fnMap":{"0":{"name":"simpleGreeting","decl":{"start":{"line":46,"column":9},"end":{"line":46,"column":23}},"loc":{"start":{"line":46,"column":64},"end":{"line":56,"column":1}},"line":46},"1":{"name":"enhancedGreeting","decl":{"start":{"line":70,"column":9},"end":{"line":70,"column":25}},"loc":{"start":{"line":70,"column":40},"end":{"line":100,"column":1}},"line":70},"2":{"name":"creativeGreeting","decl":{"start":{"line":114,"column":9},"end":{"line":114,"column":25}},"loc":{"start":{"line":114,"column":40},"end":{"line":164,"column":1}},"line":114},"3":{"name":"greetingFactory","decl":{"start":{"line":176,"column":9},"end":{"line":176,"column":24}},"loc":{"start":{"line":176,"column":47},"end":{"line":190,"column":1}},"line":176},"4":{"name":"(anonymous_4)","decl":{"start":{"line":178,"column":12},"end":{"line":178,"column":13}},"loc":{"start":{"line":178,"column":22},"end":{"line":178,"column":50}},"line":178},"5":{"name":"batchGreeting","decl":{"start":{"line":203,"column":9},"end":{"line":203,"column":22}},"loc":{"start":{"line":203,"column":40},"end":{"line":212,"column":1}},"line":203},"6":{"name":"(anonymous_6)","decl":{"start":{"line":208,"column":29},"end":{"line":208,"column":30}},"loc":{"start":{"line":208,"column":39},"end":{"line":211,"column":3}},"line":208}},"branchMap":{"0":{"loc":{"start":{"line":46,"column":24},"end":{"line":46,"column":62}},"type":"default-arg","locations":[{"start":{"line":46,"column":34},"end":{"line":46,"column":62}}],"line":46},"1":{"loc":{"start":{"line":47,"column":2},"end":{"line":49,"column":3}},"type":"if","locations":[{"start":{"line":47,"column":2},"end":{"line":49,"column":3}},{"start":{},"end":{}}],"line":47},"2":{"loc":{"start":{"line":70,"column":26},"end":{"line":70,"column":38}},"type":"default-arg","locations":[{"start":{"line":70,"column":36},"end":{"line":70,"column":38}}],"line":70},"3":{"loc":{"start":{"line":72,"column":4},"end":{"line":72,"column":42}},"type":"default-arg","locations":[{"start":{"line":72,"column":14},"end":{"line":72,"column":42}}],"line":72},"4":{"loc":{"start":{"line":73,"column":4},"end":{"line":73,"column":20}},"type":"default-arg","locations":[{"start":{"line":73,"column":16},"end":{"line":73,"column":20}}],"line":73},"5":{"loc":{"start":{"line":74,"column":4},"end":{"line":74,"column":18}},"type":"default-arg","locations":[{"start":{"line":74,"column":13},"end":{"line":74,"column":18}}],"line":74},"6":{"loc":{"start":{"line":79,"column":2},"end":{"line":81,"column":3}},"type":"if","locations":[{"start":{"line":79,"column":2},"end":{"line":81,"column":3}},{"start":{},"end":{}}],"line":79},"7":{"loc":{"start":{"line":79,"column":6},"end":{"line":79,"column":35}},"type":"binary-expr","locations":[{"start":{"line":79,"column":6},"end":{"line":79,"column":12}},{"start":{"line":79,"column":16},"end":{"line":79,"column":35}}],"line":79},"8":{"loc":{"start":{"line":84,"column":29},"end":{"line":84,"column":94}},"type":"cond-expr","locations":[{"start":{"line":84,"column":41},"end":{"line":84,"column":87}},{"start":{"line":84,"column":90},"end":{"line":84,"column":94}}],"line":84},"9":{"loc":{"start":{"line":86,"column":2},"end":{"line":88,"column":3}},"type":"if","locations":[{"start":{"line":86,"column":2},"end":{"line":88,"column":3}},{"start":{},"end":{}}],"line":86},"10":{"loc":{"start":{"line":114,"column":26},"end":{"line":114,"column":38}},"type":"default-arg","locations":[{"start":{"line":114,"column":36},"end":{"line":114,"column":38}}],"line":114},"11":{"loc":{"start":{"line":116,"column":4},"end":{"line":116,"column":20}},"type":"default-arg","locations":[{"start":{"line":116,"column":16},"end":{"line":116,"column":20}}],"line":116},"12":{"loc":{"start":{"line":117,"column":4},"end":{"line":117,"column":21}},"type":"default-arg","locations":[{"start":{"line":117,"column":11},"end":{"line":117,"column":21}}],"line":117},"13":{"loc":{"start":{"line":118,"column":4},"end":{"line":118,"column":22}},"type":"default-arg","locations":[{"start":{"line":118,"column":12},"end":{"line":118,"column":22}}],"line":118},"14":{"loc":{"start":{"line":125,"column":2},"end":{"line":133,"column":3}},"type":"if","locations":[{"start":{"line":125,"column":2},"end":{"line":133,"column":3}},{"start":{"line":127,"column":9},"end":{"line":133,"column":3}}],"line":125},"15":{"loc":{"start":{"line":125,"column":6},"end":{"line":125,"column":28}},"type":"binary-expr","locations":[{"start":{"line":125,"column":6},"end":{"line":125,"column":15}},{"start":{"line":125,"column":19},"end":{"line":125,"column":28}}],"line":125},"16":{"loc":{"start":{"line":127,"column":9},"end":{"line":133,"column":3}},"type":"if","locations":[{"start":{"line":127,"column":9},"end":{"line":133,"column":3}},{"start":{"line":129,"column":9},"end":{"line":133,"column":3}}],"line":127},"17":{"loc":{"start":{"line":127,"column":13},"end":{"line":127,"column":36}},"type":"binary-expr","locations":[{"start":{"line":127,"column":13},"end":{"line":127,"column":23}},{"start":{"line":127,"column":27},"end":{"line":127,"column":36}}],"line":127},"18":{"loc":{"start":{"line":129,"column":9},"end":{"line":133,"column":3}},"type":"if","locations":[{"start":{"line":129,"column":9},"end":{"line":133,"column":3}},{"start":{"line":131,"column":9},"end":{"line":133,"column":3}}],"line":129},"19":{"loc":{"start":{"line":129,"column":13},"end":{"line":129,"column":36}},"type":"binary-expr","locations":[{"start":{"line":129,"column":13},"end":{"line":129,"column":23}},{"start":{"line":129,"column":27},"end":{"line":129,"column":36}}],"line":129},"20":{"loc":{"start":{"line":143,"column":19},"end":{"line":143,"column":46}},"type":"binary-expr","locations":[{"start":{"line":143,"column":19},"end":{"line":143,"column":40}},{"start":{"line":143,"column":44},"end":{"line":143,"column":46}}],"line":143},"21":{"loc":{"start":{"line":147,"column":29},"end":{"line":147,"column":94}},"type":"cond-expr","locations":[{"start":{"line":147,"column":41},"end":{"line":147,"column":87}},{"start":{"line":147,"column":90},"end":{"line":147,"column":94}}],"line":147},"22":{"loc":{"start":{"line":149,"column":2},"end":{"line":151,"column":3}},"type":"if","locations":[{"start":{"line":149,"column":2},"end":{"line":151,"column":3}},{"start":{},"end":{}}],"line":149},"23":{"loc":{"start":{"line":160,"column":17},"end":{"line":160,"column":76}},"type":"cond-expr","locations":[{"start":{"line":160,"column":29},"end":{"line":160,"column":38}},{"start":{"line":160,"column":41},"end":{"line":160,"column":76}}],"line":160},"24":{"loc":{"start":{"line":160,"column":41},"end":{"line":160,"column":76}},"type":"cond-expr","locations":[{"start":{"line":160,"column":53},"end":{"line":160,"column":64}},{"start":{"line":160,"column":67},"end":{"line":160,"column":76}}],"line":160},"25":{"loc":{"start":{"line":176,"column":33},"end":{"line":176,"column":45}},"type":"default-arg","locations":[{"start":{"line":176,"column":43},"end":{"line":176,"column":45}}],"line":176},"26":{"loc":{"start":{"line":185,"column":2},"end":{"line":187,"column":3}},"type":"if","locations":[{"start":{"line":185,"column":2},"end":{"line":187,"column":3}},{"start":{},"end":{}}],"line":185},"27":{"loc":{"start":{"line":204,"column":2},"end":{"line":206,"column":3}},"type":"if","locations":[{"start":{"line":204,"column":2},"end":{"line":206,"column":3}},{"start":{},"end":{}}],"line":204},"28":{"loc":{"start":{"line":209,"column":12},"end":{"line":209,"column":29}},"type":"default-arg","locations":[{"start":{"line":209,"column":21},"end":{"line":209,"column":29}}],"line":209},"29":{"loc":{"start":{"line":209,"column":31},"end":{"line":209,"column":43}},"type":"default-arg","locations":[{"start":{"line":209,"column":41},"end":{"line":209,"column":43}}],"line":209}},"s":{"0":0,"1":0,"2":0,"3":0,"4":0,"5":0,"6":0,"7":0,"8":0,"9":0,"10":0,"11":0,"12":0,"13":0,"14":0,"15":0,"16":0,"17":0,"18":0,"19":0,"20":0,"21":0,"22":0,"23":0,"24":0,"25":0,"26":0,"27":0,"28":0,"29":0,"30":0,"31":0,"32":0,"33":0,"34":0,"35":0,"36":0,"37":0,"38":0,"39":0,"40":0},"f":{"0":0,"1":0,"2":0,"3":0,"4":0,"5":0,"6":0},"b":{"0":[0],"1":[0,0],"2":[0],"3":[0],"4":[0],"5":[0],"6":[0,0],"7":[0,0],"8":[0,0],"9":[0,0],"10":[0],"11":[0],"12":[0],"13":[0],"14":[0,0],"15":[0,0],"16":[0,0],"17":[0,0],"18":[0,0],"19":[0,0],"20":[0,0],"21":[0,0],"22":[0,0],"23":[0,0],"24":[0,0],"25":[0],"26":[0,0],"27":[0,0],"28":[0],"29":[0]}}
,"/mnt/overpower/apps/dev/agl/agl-hostman/src/greeting/sanitizer.js": {"path":"/mnt/overpower/apps/dev/agl/agl-hostman/src/greeting/sanitizer.js","statementMap":{"0":{"start":{"line":14,"column":22},"end":{"line":21,"column":1}},"1":{"start":{"line":30,"column":2},"end":{"line":32,"column":3}},"2":{"start":{"line":31,"column":4},"end":{"line":31,"column":14}},"3":{"start":{"line":33,"column":2},"end":{"line":33,"column":73}},"4":{"start":{"line":33,"column":44},"end":{"line":33,"column":71}},"5":{"start":{"line":43,"column":2},"end":{"line":45,"column":3}},"6":{"start":{"line":44,"column":4},"end":{"line":44,"column":14}},"7":{"start":{"line":48,"column":2},"end":{"line":53,"column":24}},"8":{"start":{"line":71,"column":6},"end":{"line":71,"column":13}},"9":{"start":{"line":74,"column":2},"end":{"line":76,"column":3}},"10":{"start":{"line":75,"column":4},"end":{"line":75,"column":36}},"11":{"start":{"line":79,"column":18},"end":{"line":79,"column":30}},"12":{"start":{"line":82,"column":2},"end":{"line":84,"column":3}},"13":{"start":{"line":83,"column":4},"end":{"line":83,"column":36}},"14":{"start":{"line":87,"column":2},"end":{"line":87,"column":48}},"15":{"start":{"line":90,"column":2},"end":{"line":92,"column":3}},"16":{"start":{"line":91,"column":4},"end":{"line":91,"column":50}},"17":{"start":{"line":95,"column":2},"end":{"line":97,"column":3}},"18":{"start":{"line":96,"column":4},"end":{"line":96,"column":38}},"19":{"start":{"line":100,"column":2},"end":{"line":100,"column":71}},"20":{"start":{"line":110,"column":2},"end":{"line":112,"column":3}},"21":{"start":{"line":111,"column":4},"end":{"line":111,"column":17}},"22":{"start":{"line":114,"column":20},"end":{"line":123,"column":3}},"23":{"start":{"line":125,"column":2},"end":{"line":125,"column":57}},"24":{"start":{"line":125,"column":36},"end":{"line":125,"column":55}},"25":{"start":{"line":128,"column":0},"end":{"line":133,"column":2}}},"fnMap":{"0":{"name":"escapeHtml","decl":{"start":{"line":29,"column":9},"end":{"line":29,"column":19}},"loc":{"start":{"line":29,"column":25},"end":{"line":34,"column":1}},"line":29},"1":{"name":"(anonymous_1)","decl":{"start":{"line":33,"column":34},"end":{"line":33,"column":35}},"loc":{"start":{"line":33,"column":44},"end":{"line":33,"column":71}},"line":33},"2":{"name":"sanitizeDangerousChars","decl":{"start":{"line":42,"column":9},"end":{"line":42,"column":31}},"loc":{"start":{"line":42,"column":37},"end":{"line":54,"column":1}},"line":42},"3":{"name":"sanitizeInput","decl":{"start":{"line":66,"column":9},"end":{"line":66,"column":22}},"loc":{"start":{"line":66,"column":44},"end":{"line":101,"column":1}},"line":66},"4":{"name":"isInputSafe","decl":{"start":{"line":109,"column":9},"end":{"line":109,"column":20}},"loc":{"start":{"line":109,"column":28},"end":{"line":126,"column":1}},"line":109},"5":{"name":"(anonymous_5)","decl":{"start":{"line":125,"column":25},"end":{"line":125,"column":26}},"loc":{"start":{"line":125,"column":36},"end":{"line":125,"column":55}},"line":125}},"branchMap":{"0":{"loc":{"start":{"line":30,"column":2},"end":{"line":32,"column":3}},"type":"if","locations":[{"start":{"line":30,"column":2},"end":{"line":32,"column":3}},{"start":{},"end":{}}],"line":30},"1":{"loc":{"start":{"line":33,"column":44},"end":{"line":33,"column":71}},"type":"binary-expr","locations":[{"start":{"line":33,"column":44},"end":{"line":33,"column":63}},{"start":{"line":33,"column":67},"end":{"line":33,"column":71}}],"line":33},"2":{"loc":{"start":{"line":43,"column":2},"end":{"line":45,"column":3}},"type":"if","locations":[{"start":{"line":43,"column":2},"end":{"line":45,"column":3}},{"start":{},"end":{}}],"line":43},"3":{"loc":{"start":{"line":66,"column":30},"end":{"line":66,"column":42}},"type":"default-arg","locations":[{"start":{"line":66,"column":40},"end":{"line":66,"column":42}}],"line":66},"4":{"loc":{"start":{"line":68,"column":4},"end":{"line":68,"column":22}},"type":"default-arg","locations":[{"start":{"line":68,"column":17},"end":{"line":68,"column":22}}],"line":68},"5":{"loc":{"start":{"line":69,"column":4},"end":{"line":69,"column":19}},"type":"default-arg","locations":[{"start":{"line":69,"column":15},"end":{"line":69,"column":19}}],"line":69},"6":{"loc":{"start":{"line":70,"column":4},"end":{"line":70,"column":19}},"type":"default-arg","locations":[{"start":{"line":70,"column":16},"end":{"line":70,"column":19}}],"line":70},"7":{"loc":{"start":{"line":74,"column":2},"end":{"line":76,"column":3}},"type":"if","locations":[{"start":{"line":74,"column":2},"end":{"line":76,"column":3}},{"start":{},"end":{}}],"line":74},"8":{"loc":{"start":{"line":75,"column":11},"end":{"line":75,"column":35}},"type":"cond-expr","locations":[{"start":{"line":75,"column":24},"end":{"line":75,"column":26}},{"start":{"line":75,"column":29},"end":{"line":75,"column":35}}],"line":75},"9":{"loc":{"start":{"line":82,"column":2},"end":{"line":84,"column":3}},"type":"if","locations":[{"start":{"line":82,"column":2},"end":{"line":84,"column":3}},{"start":{},"end":{}}],"line":82},"10":{"loc":{"start":{"line":83,"column":11},"end":{"line":83,"column":35}},"type":"cond-expr","locations":[{"start":{"line":83,"column":24},"end":{"line":83,"column":26}},{"start":{"line":83,"column":29},"end":{"line":83,"column":35}}],"line":83},"11":{"loc":{"start":{"line":90,"column":2},"end":{"line":92,"column":3}},"type":"if","locations":[{"start":{"line":90,"column":2},"end":{"line":92,"column":3}},{"start":{},"end":{}}],"line":90},"12":{"loc":{"start":{"line":90,"column":6},"end":{"line":90,"column":51}},"type":"binary-expr","locations":[{"start":{"line":90,"column":6},"end":{"line":90,"column":19}},{"start":{"line":90,"column":23},"end":{"line":90,"column":51}}],"line":90},"13":{"loc":{"start":{"line":95,"column":2},"end":{"line":97,"column":3}},"type":"if","locations":[{"start":{"line":95,"column":2},"end":{"line":97,"column":3}},{"start":{},"end":{}}],"line":95},"14":{"loc":{"start":{"line":100,"column":9},"end":{"line":100,"column":70}},"type":"cond-expr","locations":[{"start":{"line":100,"column":32},"end":{"line":100,"column":41}},{"start":{"line":100,"column":45},"end":{"line":100,"column":69}}],"line":100},"15":{"loc":{"start":{"line":100,"column":45},"end":{"line":100,"column":69}},"type":"cond-expr","locations":[{"start":{"line":100,"column":58},"end":{"line":100,"column":60}},{"start":{"line":100,"column":63},"end":{"line":100,"column":69}}],"line":100},"16":{"loc":{"start":{"line":110,"column":2},"end":{"line":112,"column":3}},"type":"if","locations":[{"start":{"line":110,"column":2},"end":{"line":112,"column":3}},{"start":{},"end":{}}],"line":110}},"s":{"0":0,"1":0,"2":0,"3":0,"4":0,"5":0,"6":0,"7":0,"8":0,"9":0,"10":0,"11":0,"12":0,"13":0,"14":0,"15":0,"16":0,"17":0,"18":0,"19":0,"20":0,"21":0,"22":0,"23":0,"24":0,"25":0},"f":{"0":0,"1":0,"2":0,"3":0,"4":0,"5":0},"b":{"0":[0,0],"1":[0,0],"2":[0,0],"3":[0],"4":[0],"5":[0],"6":[0],"7":[0,0],"8":[0,0],"9":[0,0],"10":[0,0],"11":[0,0],"12":[0,0],"13":[0,0],"14":[0,0],"15":[0,0],"16":[0,0]}}
}
