TN:
SF:src/greeting/index.js
FN:46,simpleGreeting
FN:70,enhancedGreeting
FN:114,creativeGreeting
FN:176,greetingFactory
FN:178,(anonymous_4)
FN:203,batchGreeting
FN:208,(anonymous_6)
FNF:7
FNH:0
FNDA:0,simpleGreeting
FNDA:0,enhancedGreeting
FNDA:0,creativeGreeting
FNDA:0,greetingFactory
FNDA:0,(anonymous_4)
FNDA:0,batchGreeting
FNDA:0,(anonymous_6)
DA:13,0
DA:22,0
DA:47,0
DA:48,0
DA:51,0
DA:75,0
DA:77,0
DA:79,0
DA:80,0
DA:84,0
DA:86,0
DA:87,0
DA:90,0
DA:119,0
DA:121,0
DA:125,0
DA:126,0
DA:127,0
DA:128,0
DA:129,0
DA:130,0
DA:132,0
DA:136,0
DA:143,0
DA:144,0
DA:147,0
DA:149,0
DA:150,0
DA:153,0
DA:177,0
DA:178,0
DA:183,0
DA:185,0
DA:186,0
DA:189,0
DA:204,0
DA:205,0
DA:208,0
DA:209,0
DA:210,0
DA:215,0
LF:41
LH:0
BRDA:46,0,0,0
BRDA:47,1,0,0
BRDA:47,1,1,0
BRDA:70,2,0,0
BRDA:72,3,0,0
BRDA:73,4,0,0
BRDA:74,5,0,0
BRDA:79,6,0,0
BRDA:79,6,1,0
BRDA:79,7,0,0
BRDA:79,7,1,0
BRDA:84,8,0,0
BRDA:84,8,1,0
BRDA:86,9,0,0
BRDA:86,9,1,0
BRDA:114,10,0,0
BRDA:116,11,0,0
BRDA:117,12,0,0
BRDA:118,13,0,0
BRDA:125,14,0,0
BRDA:125,14,1,0
BRDA:125,15,0,0
BRDA:125,15,1,0
BRDA:127,16,0,0
BRDA:127,16,1,0
BRDA:127,17,0,0
BRDA:127,17,1,0
BRDA:129,18,0,0
BRDA:129,18,1,0
BRDA:129,19,0,0
BRDA:129,19,1,0
BRDA:143,20,0,0
BRDA:143,20,1,0
BRDA:147,21,0,0
BRDA:147,21,1,0
BRDA:149,22,0,0
BRDA:149,22,1,0
BRDA:160,23,0,0
BRDA:160,23,1,0
BRDA:160,24,0,0
BRDA:160,24,1,0
BRDA:176,25,0,0
BRDA:185,26,0,0
BRDA:185,26,1,0
BRDA:204,27,0,0
BRDA:204,27,1,0
BRDA:209,28,0,0
BRDA:209,29,0,0
BRF:48
BRH:0
end_of_record
TN:
SF:src/greeting/sanitizer.js
FN:29,escapeHtml
FN:33,(anonymous_1)
FN:42,sanitizeDangerousChars
FN:66,sanitizeInput
FN:109,isInputSafe
FN:125,(anonymous_5)
FNF:6
FNH:0
FNDA:0,escapeHtml
FNDA:0,(anonymous_1)
FNDA:0,sanitizeDangerousChars
FNDA:0,sanitizeInput
FNDA:0,isInputSafe
FNDA:0,(anonymous_5)
DA:14,0
DA:30,0
DA:31,0
DA:33,0
DA:43,0
DA:44,0
DA:48,0
DA:71,0
DA:74,0
DA:75,0
DA:79,0
DA:82,0
DA:83,0
DA:87,0
DA:90,0
DA:91,0
DA:95,0
DA:96,0
DA:100,0
DA:110,0
DA:111,0
DA:114,0
DA:125,0
DA:128,0
LF:24
LH:0
BRDA:30,0,0,0
BRDA:30,0,1,0
BRDA:33,1,0,0
BRDA:33,1,1,0
BRDA:43,2,0,0
BRDA:43,2,1,0
BRDA:66,3,0,0
BRDA:68,4,0,0
BRDA:69,5,0,0
BRDA:70,6,0,0
BRDA:74,7,0,0
BRDA:74,7,1,0
BRDA:75,8,0,0
BRDA:75,8,1,0
BRDA:82,9,0,0
BRDA:82,9,1,0
BRDA:83,10,0,0
BRDA:83,10,1,0
BRDA:90,11,0,0
BRDA:90,11,1,0
BRDA:90,12,0,0
BRDA:90,12,1,0
BRDA:95,13,0,0
BRDA:95,13,1,0
BRDA:100,14,0,0
BRDA:100,14,1,0
BRDA:100,15,0,0
BRDA:100,15,1,0
BRDA:110,16,0,0
BRDA:110,16,1,0
BRF:30
BRH:0
end_of_record
